<?xml version="1.0" encoding="UTF-8"?>
<!-- Generated by org.testng.reporters.JUnitXMLReporter -->
<testsuite hostname="Anusha" ignored="0" name="firefox Test" tests="2" failures="0" timestamp="30 Sep 2018 09:04:58 GMT" time="0.204" errors="0">
  <testcase name="@BeforeTest preLaunchActivities" time="0.122" classname="ShipRocket.SR.LoginTest">
    <failure type="java.lang.NoSuchMethodError" message="org.slf4j.impl.StaticLoggerBinder.getSingleton()Lorg/slf4j/impl/StaticLoggerBinder;">
      <![CDATA[java.lang.NoSuchMethodError: org.slf4j.impl.StaticLoggerBinder.getSingleton()Lorg/slf4j/impl/StaticLoggerBinder;
	at org.slf4j.LoggerFactory.bind(LoggerFactory.java:150)
	at org.slf4j.LoggerFactory.performInitialization(LoggerFactory.java:124)
	at org.slf4j.LoggerFactory.getILoggerFactory(LoggerFactory.java:412)
	at org.slf4j.LoggerFactory.getLogger(LoggerFactory.java:357)
	at org.slf4j.LoggerFactory.getLogger(LoggerFactory.java:383)
	at io.github.bonigarcia.wdm.WebDriverManager.<clinit>(WebDriverManager.java:92)
	at ShipRocket.SR.Utils.launchBrowser(Utils.java:37)
	at ShipRocket.SR.LoginTest.preLaunchActivities(LoginTest.java:20)
... Removed 23 stack frames]]>
    </failure>
  </testcase> <!-- @BeforeTest preLaunchActivities -->
  <testcase name="@BeforeTest preLaunchActivities" time="0.0" classname="ShipRocket.SR.OrderTest">
    <skipped/>
  </testcase> <!-- @BeforeTest preLaunchActivities -->
  <testcase name="login_verify" time="0.0" classname="ShipRocket.SR.LoginTest">
    <skipped/>
  </testcase> <!-- login_verify -->
  <testcase name="login_verify" time="0.0" classname="ShipRocket.SR.OrderTest">
    <skipped/>
  </testcase> <!-- login_verify -->
</testsuite> <!-- firefox Test -->
