<?xml version="1.0" encoding="UTF-8"?>
<testng-results skipped="0" failed="0" ignored="0" total="1" passed="1">
  <reporter-output>
  </reporter-output>
  <suite name="Suite" duration-ms="64933" started-at="2018-10-05T11:09:01Z" finished-at="2018-10-05T11:10:06Z">
    <groups>
    </groups>
    <test name="Chrome Test" duration-ms="64933" started-at="2018-10-05T11:09:01Z" finished-at="2018-10-05T11:10:06Z">
      <class name="ShipRocket.SR.SignUpTest">
        <test-method status="PASS" signature="preLaunchActivities(java.lang.String, java.lang.String)[pri:0, instance:ShipRocket.SR.SignUpTest@4fcd19b3]" name="preLaunchActivities" is-config="true" duration-ms="10436" started-at="2018-10-05T11:09:01Z" finished-at="2018-10-05T11:09:12Z">
          <params>
            <param index="0">
              <value>
                <![CDATA[chrome]]>
              </value>
            </param>
            <param index="1">
              <value>
                <![CDATA[staging]]>
              </value>
            </param>
          </params>
          <reporter-output>
          </reporter-output>
        </test-method> <!-- preLaunchActivities -->
        <test-method status="PASS" signature="login_verify(java.lang.String, java.lang.String, java.lang.String)[pri:0, instance:ShipRocket.SR.SignUpTest@4fcd19b3]" name="login_verify" duration-ms="54438" started-at="2018-10-05T11:09:12Z" finished-at="2018-10-05T11:10:06Z">
          <params>
            <param index="0">
              <value>
                <![CDATA[jdbc:mysql://krmct000.kartrocket.com:3306/multichannel]]>
              </value>
            </param>
            <param index="1">
              <value>
                <![CDATA[anusha]]>
              </value>
            </param>
            <param index="2">
              <value>
                <![CDATA[4HNjupcbdVAXVhZn]]>
              </value>
            </param>
          </params>
          <reporter-output>
          </reporter-output>
        </test-method> <!-- login_verify -->
      </class> <!-- ShipRocket.SR.SignUpTest -->
    </test> <!-- Chrome Test -->
  </suite> <!-- Suite -->
</testng-results>
